-------------------------------------------------------------------------------
Test set: br.com.fiap.GreetingResourceTest
-------------------------------------------------------------------------------
Tests run: 1, Failures: 0, Errors: 1, Skipped: 0, Time elapsed: 0.947 s <<< FAILURE! -- in br.com.fiap.GreetingResourceTest
br.com.fiap.GreetingResourceTest.testHelloEndpoint -- Time elapsed: 0.009 s <<< ERROR!
java.lang.RuntimeException: java.lang.RuntimeException: Failed to start quarkus
	at io.quarkus.test.junit.QuarkusTestExtension.throwBootFailureException(QuarkusTestExtension.java:666)
	at io.quarkus.test.junit.QuarkusTestExtension.interceptTestClassConstructor(QuarkusTestExtension.java:761)
	at java.base/java.util.Optional.orElseGet(Optional.java:364)
	at java.base/java.util.ArrayList.forEach(ArrayList.java:1511)
	at java.base/java.util.ArrayList.forEach(ArrayList.java:1511)
Caused by: java.lang.RuntimeException: Failed to start quarkus
	at io.quarkus.runner.ApplicationImpl.doStart(Unknown Source)
	at io.quarkus.runtime.Application.start(Application.java:101)
	at java.base/java.lang.reflect.Method.invoke(Method.java:569)
	at io.quarkus.runner.bootstrap.StartupActionImpl.run(StartupActionImpl.java:350)
	at io.quarkus.test.junit.QuarkusTestExtension.doJavaStart(QuarkusTestExtension.java:232)
	at io.quarkus.test.junit.QuarkusTestExtension.ensureStarted(QuarkusTestExtension.java:640)
	at io.quarkus.test.junit.QuarkusTestExtension.beforeAll(QuarkusTestExtension.java:685)
	... 1 more
Caused by: io.quarkus.arc.InactiveBeanException: Bean is not active: SYNTHETIC bean [class=io.agroal.api.AgroalDataSource, id=83v3mgZs1bc75ou7lAXNtJCAcLA]
Reason: Datasource '<default>' was deactivated automatically because its URL is not set. To activate the datasource, set configuration property 'quarkus.datasource.jdbc.url'. Refer to https://quarkus.io/guides/datasource for guidance.
To avoid this exception while keeping the bean inactive:
	- Configure all extensions consuming this bean as inactive as well, if they allow it, e.g. 'quarkus.someextension.active=false'
	- Make sure that custom code only accesses this bean if it is active
	- Inject the bean with 'Instance<io.agroal.api.AgroalDataSource>' instead of 'io.agroal.api.AgroalDataSource'
This bean is injected into:
	- br.com.fiap.dao.PacienteDao#dataSource
	at io.agroal.api.AgroalDataSource_83v3mgZs1bc75ou7lAXNtJCAcLA_Synthetic_Bean.doCreate(Unknown Source)
	at io.agroal.api.AgroalDataSource_83v3mgZs1bc75ou7lAXNtJCAcLA_Synthetic_Bean.create(Unknown Source)
	at io.agroal.api.AgroalDataSource_83v3mgZs1bc75ou7lAXNtJCAcLA_Synthetic_Bean.create(Unknown Source)
	at io.quarkus.arc.impl.AbstractSharedContext.createInstanceHandle(AbstractSharedContext.java:119)
	at io.quarkus.arc.impl.AbstractSharedContext$1.get(AbstractSharedContext.java:38)
	at io.quarkus.arc.impl.AbstractSharedContext$1.get(AbstractSharedContext.java:35)
	at io.quarkus.arc.generator.Default_jakarta_enterprise_context_ApplicationScoped_ContextInstances.c1(Unknown Source)
	at io.quarkus.arc.generator.Default_jakarta_enterprise_context_ApplicationScoped_ContextInstances.computeIfAbsent(Unknown Source)
	at io.quarkus.arc.impl.AbstractSharedContext.get(AbstractSharedContext.java:35)
	at io.quarkus.arc.impl.ClientProxies.getApplicationScopedDelegate(ClientProxies.java:23)
	at io.agroal.api.AgroalDataSource_83v3mgZs1bc75ou7lAXNtJCAcLA_Synthetic_ClientProxy.arc$delegate(Unknown Source)
	at io.agroal.api.AgroalDataSource_83v3mgZs1bc75ou7lAXNtJCAcLA_Synthetic_ClientProxy.arc_contextualInstance(Unknown Source)
	at io.agroal.api.AgroalDataSource_Observer_Synthetic_ubUSlEqLpURmYJpwHA_2ZVmKrbQ.notify(Unknown Source)
	at io.quarkus.arc.impl.EventImpl$Notifier.notifyObservers(EventImpl.java:365)
	at io.quarkus.arc.impl.EventImpl$Notifier.notify(EventImpl.java:347)
	at io.quarkus.arc.impl.EventImpl.fire(EventImpl.java:81)
	at io.quarkus.arc.runtime.ArcRecorder.fireLifecycleEvent(ArcRecorder.java:164)
	at io.quarkus.arc.runtime.ArcRecorder.handleLifecycleEvents(ArcRecorder.java:115)
	at io.quarkus.runner.recorded.LifecycleEventsBuildStep$startupEvent1144526294.deploy_0(Unknown Source)
	at io.quarkus.runner.recorded.LifecycleEventsBuildStep$startupEvent1144526294.deploy(Unknown Source)
	... 8 more

